<?xml version="1.0" encoding="UTF-8"?>
<!-- Generated by org.testng.reporters.JUnitReportReporter -->
<testsuite skipped="0" hostname="RajsMacBook-Pro.local" name="com.crm.qa.testcases.ContactsPageTest" tests="3" failures="0" timestamp="28 Mar 2019 17:19:06 GMT" time="60.054" errors="0">
  <testcase name="verifyContactsPageLabel" time="19.286" classname="com.crm.qa.testcases.ContactsPageTest"/>
  <testcase name="selectSingleContactsTest" time="20.660" classname="com.crm.qa.testcases.ContactsPageTest"/>
  <testcase name="selectMultipleContactsTest" time="20.108" classname="com.crm.qa.testcases.ContactsPageTest"/>
</testsuite> <!-- com.crm.qa.testcases.ContactsPageTest -->
