<?xml version="1.0" encoding="UTF-8"?>
<!-- Generated by org.testng.reporters.JUnitReportReporter -->
<testsuite skipped="0" hostname="RajsMacBook-Pro.local" name="com.crm.qa.testcases.LoginPageTest" tests="3" failures="0" timestamp="28 Mar 2019 17:19:06 GMT" time="8.820" errors="0">
  <testcase name="loginPageTitleTest" time="2.554" classname="com.crm.qa.testcases.LoginPageTest"/>
  <testcase name="crmLogoImageTest" time="2.444" classname="com.crm.qa.testcases.LoginPageTest"/>
  <testcase name="loginTest" time="3.822" classname="com.crm.qa.testcases.LoginPageTest"/>
</testsuite> <!-- com.crm.qa.testcases.LoginPageTest -->
