<?xml version="1.0" encoding="UTF-8"?>
<!-- Generated by org.testng.reporters.JUnitReportReporter -->
<testsuite skipped="0" hostname="RajsMacBook-Pro.local" name="com.crm.qa.testcases.FreeCrmTest" tests="1" failures="0" timestamp="28 Mar 2019 01:39:45 GMT" time="24.188" errors="0">
  <testcase name="freeCrmTitleTest" time="24.188" classname="com.crm.qa.testcases.FreeCrmTest"/>
</testsuite> <!-- com.crm.qa.testcases.FreeCrmTest -->
