<?xml version="1.0" encoding="UTF-8"?>
<!-- Generated by org.testng.reporters.JUnitReportReporter -->
<testsuite skipped="0" hostname="RajsMacBook-Pro.local" name="com.crm.qa.testcases.HomePageTest" tests="3" failures="0" timestamp="28 Mar 2019 01:39:44 GMT" time="12.555" errors="0">
  <testcase name="verifyHomePageTitleTest" time="3.897" classname="com.crm.qa.testcases.HomePageTest"/>
  <testcase name="verifyUserNameTest" time="4.112" classname="com.crm.qa.testcases.HomePageTest"/>
  <testcase name="verifyContactsLinkTest" time="4.546" classname="com.crm.qa.testcases.HomePageTest"/>
</testsuite> <!-- com.crm.qa.testcases.HomePageTest -->
