<?xml version="1.0" encoding="UTF-8"?>
<!-- Generated by org.testng.reporters.JUnitReportReporter -->
<testsuite skipped="0" hostname="RajsMacBook-Pro.local" name="com.crm.qa.testcases.LoginPageTest" tests="3" failures="0" timestamp="28 Mar 2019 01:39:44 GMT" time="8.941" errors="0">
  <testcase name="loginPageTitleTest" time="2.445" classname="com.crm.qa.testcases.LoginPageTest"/>
  <testcase name="crmLogoImageTest" time="2.510" classname="com.crm.qa.testcases.LoginPageTest"/>
  <testcase name="loginTest" time="3.986" classname="com.crm.qa.testcases.LoginPageTest"/>
</testsuite> <!-- com.crm.qa.testcases.LoginPageTest -->
